2019-11-28 13:33:38,212 INFO com.formation.ebureau.EbureauApplication [restartedMain] Starting EbureauApplication on MW16 with PID 3044 (C:\Users\orsys\Desktop\Calinou\Calinou\target\classes started by orsys in C:\Users\orsys\Desktop\Calinou\Calinou)
2019-11-28 13:33:38,240 INFO com.formation.ebureau.EbureauApplication [restartedMain] The following profiles are active: dev
2019-11-28 13:33:38,341 INFO org.springframework.boot.devtools.restart.ChangeableUrls [restartedMain] The Class-Path manifest attribute in C:\Users\orsys\.m2\repository\org\glassfish\jaxb\jaxb-runtime\2.3.2\jaxb-runtime-2.3.2.jar referenced one or more files that do not exist: file:/C:/Users/orsys/.m2/repository/org/glassfish/jaxb/jaxb-runtime/2.3.2/jakarta.xml.bind-api-2.3.2.jar,file:/C:/Users/orsys/.m2/repository/org/glassfish/jaxb/jaxb-runtime/2.3.2/txw2-2.3.2.jar,file:/C:/Users/orsys/.m2/repository/org/glassfish/jaxb/jaxb-runtime/2.3.2/istack-commons-runtime-3.0.8.jar,file:/C:/Users/orsys/.m2/repository/org/glassfish/jaxb/jaxb-runtime/2.3.2/stax-ex-1.8.1.jar,file:/C:/Users/orsys/.m2/repository/org/glassfish/jaxb/jaxb-runtime/2.3.2/FastInfoset-1.2.16.jar,file:/C:/Users/orsys/.m2/repository/org/glassfish/jaxb/jaxb-runtime/2.3.2/jakarta.activation-api-1.2.1.jar
2019-11-28 13:33:38,342 INFO org.springframework.boot.devtools.env.DevToolsPropertyDefaultsPostProcessor [restartedMain] Devtools property defaults active! Set 'spring.devtools.add-properties' to 'false' to disable
2019-11-28 13:33:38,346 INFO org.springframework.boot.devtools.env.DevToolsPropertyDefaultsPostProcessor [restartedMain] For additional web related logging consider setting the 'logging.level.web' property to 'DEBUG'
2019-11-28 13:33:39,405 INFO org.springframework.data.repository.config.RepositoryConfigurationDelegate [restartedMain] Bootstrapping Spring Data repositories in DEFAULT mode.
2019-11-28 13:33:39,445 INFO org.springframework.data.repository.config.RepositoryConfigurationDelegate [restartedMain] Finished Spring Data repository scanning in 23ms. Found 0 repository interfaces.
2019-11-28 13:33:39,990 INFO org.springframework.context.support.PostProcessorRegistrationDelegate$BeanPostProcessorChecker [restartedMain] Bean 'org.springframework.transaction.annotation.ProxyTransactionManagementConfiguration' of type [org.springframework.transaction.annotation.ProxyTransactionManagementConfiguration] is not eligible for getting processed by all BeanPostProcessors (for example: not eligible for auto-proxying)
2019-11-28 13:33:40,757 INFO org.springframework.boot.web.embedded.tomcat.TomcatWebServer [restartedMain] Tomcat initialized with port(s): 8085 (http)
2019-11-28 13:33:40,774 INFO org.apache.coyote.http11.Http11NioProtocol [restartedMain] Initializing ProtocolHandler ["http-nio-8085"]
2019-11-28 13:33:40,775 INFO org.apache.catalina.core.StandardService [restartedMain] Starting service [Tomcat]
2019-11-28 13:33:40,777 INFO org.apache.catalina.core.StandardEngine [restartedMain] Starting Servlet engine: [Apache Tomcat/9.0.27]
2019-11-28 13:33:40,937 INFO org.apache.catalina.core.ContainerBase.[Tomcat].[localhost].[/] [restartedMain] Initializing Spring embedded WebApplicationContext
2019-11-28 13:33:40,937 INFO org.springframework.web.context.ContextLoader [restartedMain] Root WebApplicationContext: initialization completed in 2590 ms
2019-11-28 13:33:41,005 INFO com.zaxxer.hikari.HikariDataSource [restartedMain] HikariPool-1 - Starting...
2019-11-28 13:33:41,196 INFO com.zaxxer.hikari.HikariDataSource [restartedMain] HikariPool-1 - Start completed.
2019-11-28 13:33:41,205 INFO org.springframework.boot.autoconfigure.h2.H2ConsoleAutoConfiguration [restartedMain] H2 console available at '/h2-console'. Database available at 'jdbc:h2:mem:contactmanager'
2019-11-28 13:33:41,405 INFO org.hibernate.jpa.internal.util.LogHelper [restartedMain] HHH000204: Processing PersistenceUnitInfo [name: default]
2019-11-28 13:33:41,541 INFO org.hibernate.Version [restartedMain] HHH000412: Hibernate Core {5.4.8.Final}
2019-11-28 13:33:41,858 INFO org.hibernate.annotations.common.Version [restartedMain] HCANN000001: Hibernate Commons Annotations {5.1.0.Final}
2019-11-28 13:33:42,047 INFO org.hibernate.dialect.Dialect [restartedMain] HHH000400: Using dialect: org.hibernate.dialect.H2Dialect
2019-11-28 13:33:42,442 INFO org.hibernate.engine.transaction.jta.platform.internal.JtaPlatformInitiator [restartedMain] HHH000490: Using JtaPlatform implementation: [org.hibernate.engine.transaction.jta.platform.internal.NoJtaPlatform]
2019-11-28 13:33:42,456 INFO org.springframework.orm.jpa.LocalContainerEntityManagerFactoryBean [restartedMain] Initialized JPA EntityManagerFactory for persistence unit 'default'
2019-11-28 13:33:42,485 INFO org.springframework.boot.devtools.autoconfigure.OptionalLiveReloadServer [restartedMain] LiveReload server is running on port 35729
2019-11-28 13:33:42,560 WARN org.springframework.boot.autoconfigure.orm.jpa.JpaBaseConfiguration$JpaWebConfiguration [restartedMain] spring.jpa.open-in-view is enabled by default. Therefore, database queries may be performed during view rendering. Explicitly configure spring.jpa.open-in-view to disable this warning
2019-11-28 13:33:42,766 INFO org.springframework.scheduling.concurrent.ThreadPoolTaskExecutor [restartedMain] Initializing ExecutorService 'applicationTaskExecutor'
2019-11-28 13:33:42,861 INFO org.springframework.boot.autoconfigure.web.servlet.WelcomePageHandlerMapping [restartedMain] Adding welcome page: class path resource [static/index.html]
2019-11-28 13:33:43,292 INFO org.springframework.security.web.DefaultSecurityFilterChain [restartedMain] Creating filter chain: any request, [org.springframework.security.web.context.request.async.WebAsyncManagerIntegrationFilter@186e9d0f, org.springframework.security.web.context.SecurityContextPersistenceFilter@2e667eba, org.springframework.security.web.header.HeaderWriterFilter@16c78f18, org.springframework.security.web.csrf.CsrfFilter@4ec199c2, org.springframework.security.web.authentication.logout.LogoutFilter@5a569fc, org.springframework.security.web.authentication.UsernamePasswordAuthenticationFilter@b37cb88, org.springframework.security.web.authentication.ui.DefaultLoginPageGeneratingFilter@3588c5ca, org.springframework.security.web.authentication.ui.DefaultLogoutPageGeneratingFilter@5b289bc7, org.springframework.security.web.authentication.www.BasicAuthenticationFilter@7db30030, org.springframework.security.web.savedrequest.RequestCacheAwareFilter@588b8787, org.springframework.security.web.servletapi.SecurityContextHolderAwareRequestFilter@3f2a0c5d, org.springframework.security.web.authentication.AnonymousAuthenticationFilter@440ed462, org.springframework.security.web.session.SessionManagementFilter@3432894f, org.springframework.security.web.access.ExceptionTranslationFilter@43dddd73, org.springframework.security.web.access.intercept.FilterSecurityInterceptor@2f3588cc]
2019-11-28 13:33:43,440 INFO org.apache.coyote.http11.Http11NioProtocol [restartedMain] Starting ProtocolHandler ["http-nio-8085"]
2019-11-28 13:33:43,482 INFO org.springframework.boot.web.embedded.tomcat.TomcatWebServer [restartedMain] Tomcat started on port(s): 8085 (http) with context path ''
2019-11-28 13:33:43,487 INFO com.formation.ebureau.EbureauApplication [restartedMain] Started EbureauApplication in 5.871 seconds (JVM running for 7.153)
2019-11-28 13:34:06,897 INFO org.apache.catalina.core.ContainerBase.[Tomcat].[localhost].[/] [http-nio-8085-exec-1] Initializing Spring DispatcherServlet 'dispatcherServlet'
2019-11-28 13:34:06,898 INFO org.springframework.web.servlet.DispatcherServlet [http-nio-8085-exec-1] Initializing Servlet 'dispatcherServlet'
2019-11-28 13:34:06,913 INFO org.springframework.web.servlet.DispatcherServlet [http-nio-8085-exec-1] Completed initialization in 13 ms
2019-11-28 13:46:23,072 INFO com.formation.ebureau.EbureauApplication [restartedMain] Starting EbureauApplication on MW16 with PID 4312 (C:\Users\orsys\Desktop\Calinou\Calinou\target\classes started by orsys in C:\Users\orsys\Desktop\Calinou\Calinou)
2019-11-28 13:46:23,080 INFO com.formation.ebureau.EbureauApplication [restartedMain] The following profiles are active: dev
2019-11-28 13:46:23,182 INFO org.springframework.boot.devtools.restart.ChangeableUrls [restartedMain] The Class-Path manifest attribute in C:\Users\orsys\.m2\repository\org\glassfish\jaxb\jaxb-runtime\2.3.2\jaxb-runtime-2.3.2.jar referenced one or more files that do not exist: file:/C:/Users/orsys/.m2/repository/org/glassfish/jaxb/jaxb-runtime/2.3.2/jakarta.xml.bind-api-2.3.2.jar,file:/C:/Users/orsys/.m2/repository/org/glassfish/jaxb/jaxb-runtime/2.3.2/txw2-2.3.2.jar,file:/C:/Users/orsys/.m2/repository/org/glassfish/jaxb/jaxb-runtime/2.3.2/istack-commons-runtime-3.0.8.jar,file:/C:/Users/orsys/.m2/repository/org/glassfish/jaxb/jaxb-runtime/2.3.2/stax-ex-1.8.1.jar,file:/C:/Users/orsys/.m2/repository/org/glassfish/jaxb/jaxb-runtime/2.3.2/FastInfoset-1.2.16.jar,file:/C:/Users/orsys/.m2/repository/org/glassfish/jaxb/jaxb-runtime/2.3.2/jakarta.activation-api-1.2.1.jar
2019-11-28 13:46:23,184 INFO org.springframework.boot.devtools.env.DevToolsPropertyDefaultsPostProcessor [restartedMain] Devtools property defaults active! Set 'spring.devtools.add-properties' to 'false' to disable
2019-11-28 13:46:23,186 INFO org.springframework.boot.devtools.env.DevToolsPropertyDefaultsPostProcessor [restartedMain] For additional web related logging consider setting the 'logging.level.web' property to 'DEBUG'
2019-11-28 13:46:24,443 INFO org.springframework.data.repository.config.RepositoryConfigurationDelegate [restartedMain] Bootstrapping Spring Data repositories in DEFAULT mode.
2019-11-28 13:46:24,475 INFO org.springframework.data.repository.config.RepositoryConfigurationDelegate [restartedMain] Finished Spring Data repository scanning in 19ms. Found 0 repository interfaces.
2019-11-28 13:46:24,903 INFO org.springframework.context.support.PostProcessorRegistrationDelegate$BeanPostProcessorChecker [restartedMain] Bean 'org.springframework.transaction.annotation.ProxyTransactionManagementConfiguration' of type [org.springframework.transaction.annotation.ProxyTransactionManagementConfiguration] is not eligible for getting processed by all BeanPostProcessors (for example: not eligible for auto-proxying)
2019-11-28 13:46:25,586 INFO org.springframework.boot.web.embedded.tomcat.TomcatWebServer [restartedMain] Tomcat initialized with port(s): 8085 (http)
2019-11-28 13:46:25,602 INFO org.apache.coyote.http11.Http11NioProtocol [restartedMain] Initializing ProtocolHandler ["http-nio-8085"]
2019-11-28 13:46:25,603 INFO org.apache.catalina.core.StandardService [restartedMain] Starting service [Tomcat]
2019-11-28 13:46:25,603 INFO org.apache.catalina.core.StandardEngine [restartedMain] Starting Servlet engine: [Apache Tomcat/9.0.27]
2019-11-28 13:46:25,733 INFO org.apache.catalina.core.ContainerBase.[Tomcat].[localhost].[/] [restartedMain] Initializing Spring embedded WebApplicationContext
2019-11-28 13:46:25,733 INFO org.springframework.web.context.ContextLoader [restartedMain] Root WebApplicationContext: initialization completed in 2546 ms
2019-11-28 13:46:25,791 INFO com.zaxxer.hikari.HikariDataSource [restartedMain] HikariPool-1 - Starting...
2019-11-28 13:46:25,937 INFO com.zaxxer.hikari.HikariDataSource [restartedMain] HikariPool-1 - Start completed.
2019-11-28 13:46:25,946 INFO org.springframework.boot.autoconfigure.h2.H2ConsoleAutoConfiguration [restartedMain] H2 console available at '/h2-console'. Database available at 'jdbc:h2:mem:contactmanager'
2019-11-28 13:46:26,117 INFO org.hibernate.jpa.internal.util.LogHelper [restartedMain] HHH000204: Processing PersistenceUnitInfo [name: default]
2019-11-28 13:46:26,213 INFO org.hibernate.Version [restartedMain] HHH000412: Hibernate Core {5.4.8.Final}
2019-11-28 13:46:26,471 INFO org.hibernate.annotations.common.Version [restartedMain] HCANN000001: Hibernate Commons Annotations {5.1.0.Final}
2019-11-28 13:46:26,616 INFO org.hibernate.dialect.Dialect [restartedMain] HHH000400: Using dialect: org.hibernate.dialect.H2Dialect
2019-11-28 13:46:26,926 INFO org.hibernate.engine.transaction.jta.platform.internal.JtaPlatformInitiator [restartedMain] HHH000490: Using JtaPlatform implementation: [org.hibernate.engine.transaction.jta.platform.internal.NoJtaPlatform]
2019-11-28 13:46:26,937 INFO org.springframework.orm.jpa.LocalContainerEntityManagerFactoryBean [restartedMain] Initialized JPA EntityManagerFactory for persistence unit 'default'
2019-11-28 13:46:26,960 INFO org.springframework.boot.devtools.autoconfigure.OptionalLiveReloadServer [restartedMain] LiveReload server is running on port 35729
2019-11-28 13:46:27,032 WARN org.springframework.boot.autoconfigure.orm.jpa.JpaBaseConfiguration$JpaWebConfiguration [restartedMain] spring.jpa.open-in-view is enabled by default. Therefore, database queries may be performed during view rendering. Explicitly configure spring.jpa.open-in-view to disable this warning
2019-11-28 13:46:27,223 INFO org.springframework.scheduling.concurrent.ThreadPoolTaskExecutor [restartedMain] Initializing ExecutorService 'applicationTaskExecutor'
2019-11-28 13:46:27,306 INFO org.springframework.boot.autoconfigure.web.servlet.WelcomePageHandlerMapping [restartedMain] Adding welcome page: class path resource [static/index.html]
2019-11-28 13:46:27,669 INFO org.springframework.security.web.DefaultSecurityFilterChain [restartedMain] Creating filter chain: any request, [org.springframework.security.web.context.request.async.WebAsyncManagerIntegrationFilter@1075ee5b, org.springframework.security.web.context.SecurityContextPersistenceFilter@26270087, org.springframework.security.web.header.HeaderWriterFilter@5102668, org.springframework.security.web.csrf.CsrfFilter@4d183dc1, org.springframework.security.web.authentication.logout.LogoutFilter@43f5e66b, org.springframework.security.web.authentication.UsernamePasswordAuthenticationFilter@692d849c, org.springframework.security.web.authentication.ui.DefaultLoginPageGeneratingFilter@73b29845, org.springframework.security.web.authentication.ui.DefaultLogoutPageGeneratingFilter@66ca9bed, org.springframework.security.web.authentication.www.BasicAuthenticationFilter@5ffc5c25, org.springframework.security.web.savedrequest.RequestCacheAwareFilter@700df3bd, org.springframework.security.web.servletapi.SecurityContextHolderAwareRequestFilter@5356fdef, org.springframework.security.web.authentication.AnonymousAuthenticationFilter@2e3bdad0, org.springframework.security.web.session.SessionManagementFilter@3ed0c8dd, org.springframework.security.web.access.ExceptionTranslationFilter@7e7ad7b8, org.springframework.security.web.access.intercept.FilterSecurityInterceptor@4bb7a52f]
2019-11-28 13:46:27,791 INFO org.apache.coyote.http11.Http11NioProtocol [restartedMain] Starting ProtocolHandler ["http-nio-8085"]
2019-11-28 13:46:27,824 INFO org.springframework.boot.web.embedded.tomcat.TomcatWebServer [restartedMain] Tomcat started on port(s): 8085 (http) with context path ''
2019-11-28 13:46:27,829 INFO com.formation.ebureau.EbureauApplication [restartedMain] Started EbureauApplication in 5.51 seconds (JVM running for 6.765)
2019-11-28 13:46:35,068 INFO org.apache.catalina.core.ContainerBase.[Tomcat].[localhost].[/] [http-nio-8085-exec-1] Initializing Spring DispatcherServlet 'dispatcherServlet'
2019-11-28 13:46:35,069 INFO org.springframework.web.servlet.DispatcherServlet [http-nio-8085-exec-1] Initializing Servlet 'dispatcherServlet'
2019-11-28 13:46:35,082 INFO org.springframework.web.servlet.DispatcherServlet [http-nio-8085-exec-1] Completed initialization in 12 ms
2019-11-28 14:03:39,443 INFO com.formation.ebureau.EbureauApplication [restartedMain] Starting EbureauApplication on MW16 with PID 9568 (C:\Users\orsys\Desktop\Calinou\Calinou\target\classes started by orsys in C:\Users\orsys\Desktop\Calinou\Calinou)
2019-11-28 14:03:39,456 INFO com.formation.ebureau.EbureauApplication [restartedMain] The following profiles are active: dev
2019-11-28 14:03:39,602 INFO org.springframework.boot.devtools.restart.ChangeableUrls [restartedMain] The Class-Path manifest attribute in C:\Users\orsys\.m2\repository\org\glassfish\jaxb\jaxb-runtime\2.3.2\jaxb-runtime-2.3.2.jar referenced one or more files that do not exist: file:/C:/Users/orsys/.m2/repository/org/glassfish/jaxb/jaxb-runtime/2.3.2/jakarta.xml.bind-api-2.3.2.jar,file:/C:/Users/orsys/.m2/repository/org/glassfish/jaxb/jaxb-runtime/2.3.2/txw2-2.3.2.jar,file:/C:/Users/orsys/.m2/repository/org/glassfish/jaxb/jaxb-runtime/2.3.2/istack-commons-runtime-3.0.8.jar,file:/C:/Users/orsys/.m2/repository/org/glassfish/jaxb/jaxb-runtime/2.3.2/stax-ex-1.8.1.jar,file:/C:/Users/orsys/.m2/repository/org/glassfish/jaxb/jaxb-runtime/2.3.2/FastInfoset-1.2.16.jar,file:/C:/Users/orsys/.m2/repository/org/glassfish/jaxb/jaxb-runtime/2.3.2/jakarta.activation-api-1.2.1.jar
2019-11-28 14:03:39,609 INFO org.springframework.boot.devtools.env.DevToolsPropertyDefaultsPostProcessor [restartedMain] Devtools property defaults active! Set 'spring.devtools.add-properties' to 'false' to disable
2019-11-28 14:03:39,610 INFO org.springframework.boot.devtools.env.DevToolsPropertyDefaultsPostProcessor [restartedMain] For additional web related logging consider setting the 'logging.level.web' property to 'DEBUG'
2019-11-28 14:03:40,744 INFO org.springframework.data.repository.config.RepositoryConfigurationDelegate [restartedMain] Bootstrapping Spring Data repositories in DEFAULT mode.
2019-11-28 14:03:40,777 INFO org.springframework.data.repository.config.RepositoryConfigurationDelegate [restartedMain] Finished Spring Data repository scanning in 20ms. Found 0 repository interfaces.
2019-11-28 14:03:41,219 INFO org.springframework.context.support.PostProcessorRegistrationDelegate$BeanPostProcessorChecker [restartedMain] Bean 'org.springframework.transaction.annotation.ProxyTransactionManagementConfiguration' of type [org.springframework.transaction.annotation.ProxyTransactionManagementConfiguration] is not eligible for getting processed by all BeanPostProcessors (for example: not eligible for auto-proxying)
2019-11-28 14:03:41,893 INFO org.springframework.boot.web.embedded.tomcat.TomcatWebServer [restartedMain] Tomcat initialized with port(s): 8085 (http)
2019-11-28 14:03:41,908 INFO org.apache.coyote.http11.Http11NioProtocol [restartedMain] Initializing ProtocolHandler ["http-nio-8085"]
2019-11-28 14:03:41,909 INFO org.apache.catalina.core.StandardService [restartedMain] Starting service [Tomcat]
2019-11-28 14:03:41,910 INFO org.apache.catalina.core.StandardEngine [restartedMain] Starting Servlet engine: [Apache Tomcat/9.0.27]
2019-11-28 14:03:42,049 INFO org.apache.catalina.core.ContainerBase.[Tomcat].[localhost].[/] [restartedMain] Initializing Spring embedded WebApplicationContext
2019-11-28 14:03:42,050 INFO org.springframework.web.context.ContextLoader [restartedMain] Root WebApplicationContext: initialization completed in 2438 ms
2019-11-28 14:03:42,118 INFO com.zaxxer.hikari.HikariDataSource [restartedMain] HikariPool-1 - Starting...
2019-11-28 14:03:42,277 INFO com.zaxxer.hikari.HikariDataSource [restartedMain] HikariPool-1 - Start completed.
2019-11-28 14:03:42,286 INFO org.springframework.boot.autoconfigure.h2.H2ConsoleAutoConfiguration [restartedMain] H2 console available at '/h2-console'. Database available at 'jdbc:h2:mem:contactmanager'
2019-11-28 14:03:42,471 INFO org.hibernate.jpa.internal.util.LogHelper [restartedMain] HHH000204: Processing PersistenceUnitInfo [name: default]
2019-11-28 14:03:42,571 INFO org.hibernate.Version [restartedMain] HHH000412: Hibernate Core {5.4.8.Final}
2019-11-28 14:03:42,849 INFO org.hibernate.annotations.common.Version [restartedMain] HCANN000001: Hibernate Commons Annotations {5.1.0.Final}
2019-11-28 14:03:42,992 INFO org.hibernate.dialect.Dialect [restartedMain] HHH000400: Using dialect: org.hibernate.dialect.H2Dialect
2019-11-28 14:03:43,302 INFO org.hibernate.engine.transaction.jta.platform.internal.JtaPlatformInitiator [restartedMain] HHH000490: Using JtaPlatform implementation: [org.hibernate.engine.transaction.jta.platform.internal.NoJtaPlatform]
2019-11-28 14:03:43,313 INFO org.springframework.orm.jpa.LocalContainerEntityManagerFactoryBean [restartedMain] Initialized JPA EntityManagerFactory for persistence unit 'default'
2019-11-28 14:03:43,337 INFO org.springframework.boot.devtools.autoconfigure.OptionalLiveReloadServer [restartedMain] LiveReload server is running on port 35729
2019-11-28 14:03:43,405 WARN org.springframework.boot.autoconfigure.orm.jpa.JpaBaseConfiguration$JpaWebConfiguration [restartedMain] spring.jpa.open-in-view is enabled by default. Therefore, database queries may be performed during view rendering. Explicitly configure spring.jpa.open-in-view to disable this warning
2019-11-28 14:03:43,593 INFO org.springframework.scheduling.concurrent.ThreadPoolTaskExecutor [restartedMain] Initializing ExecutorService 'applicationTaskExecutor'
2019-11-28 14:03:43,678 INFO org.springframework.boot.autoconfigure.web.servlet.WelcomePageHandlerMapping [restartedMain] Adding welcome page: class path resource [static/index.html]
2019-11-28 14:03:44,026 INFO org.springframework.security.web.DefaultSecurityFilterChain [restartedMain] Creating filter chain: any request, [org.springframework.security.web.context.request.async.WebAsyncManagerIntegrationFilter@1c683e3d, org.springframework.security.web.context.SecurityContextPersistenceFilter@2da6aedd, org.springframework.security.web.header.HeaderWriterFilter@111cbc45, org.springframework.security.web.csrf.CsrfFilter@26c5ec8d, org.springframework.security.web.authentication.logout.LogoutFilter@13c08c4, org.springframework.security.web.authentication.UsernamePasswordAuthenticationFilter@6657925, org.springframework.security.web.authentication.ui.DefaultLoginPageGeneratingFilter@559b10f2, org.springframework.security.web.authentication.ui.DefaultLogoutPageGeneratingFilter@7d8b6303, org.springframework.security.web.authentication.www.BasicAuthenticationFilter@3d368871, org.springframework.security.web.savedrequest.RequestCacheAwareFilter@71898f7f, org.springframework.security.web.servletapi.SecurityContextHolderAwareRequestFilter@35bc5649, org.springframework.security.web.authentication.AnonymousAuthenticationFilter@769d79b0, org.springframework.security.web.session.SessionManagementFilter@36bd19bb, org.springframework.security.web.access.ExceptionTranslationFilter@77a3b5ee, org.springframework.security.web.access.intercept.FilterSecurityInterceptor@54007080]
2019-11-28 14:03:44,149 INFO org.apache.coyote.http11.Http11NioProtocol [restartedMain] Starting ProtocolHandler ["http-nio-8085"]
2019-11-28 14:03:44,197 INFO org.springframework.boot.web.embedded.tomcat.TomcatWebServer [restartedMain] Tomcat started on port(s): 8085 (http) with context path ''
2019-11-28 14:03:44,219 INFO com.formation.ebureau.EbureauApplication [restartedMain] Started EbureauApplication in 5.455 seconds (JVM running for 6.698)
2019-11-28 14:03:51,752 INFO org.apache.catalina.core.ContainerBase.[Tomcat].[localhost].[/] [http-nio-8085-exec-1] Initializing Spring DispatcherServlet 'dispatcherServlet'
2019-11-28 14:03:51,753 INFO org.springframework.web.servlet.DispatcherServlet [http-nio-8085-exec-1] Initializing Servlet 'dispatcherServlet'
2019-11-28 14:03:51,768 INFO org.springframework.web.servlet.DispatcherServlet [http-nio-8085-exec-1] Completed initialization in 13 ms
2019-11-28 14:07:05,458 INFO com.formation.ebureau.EbureauApplication [restartedMain] Starting EbureauApplication on MW16 with PID 3096 (C:\Users\orsys\Desktop\Calinou\Calinou\target\classes started by orsys in C:\Users\orsys\Desktop\Calinou\Calinou)
2019-11-28 14:07:05,462 INFO com.formation.ebureau.EbureauApplication [restartedMain] The following profiles are active: dev
2019-11-28 14:07:05,548 INFO org.springframework.boot.devtools.restart.ChangeableUrls [restartedMain] The Class-Path manifest attribute in C:\Users\orsys\.m2\repository\org\glassfish\jaxb\jaxb-runtime\2.3.2\jaxb-runtime-2.3.2.jar referenced one or more files that do not exist: file:/C:/Users/orsys/.m2/repository/org/glassfish/jaxb/jaxb-runtime/2.3.2/jakarta.xml.bind-api-2.3.2.jar,file:/C:/Users/orsys/.m2/repository/org/glassfish/jaxb/jaxb-runtime/2.3.2/txw2-2.3.2.jar,file:/C:/Users/orsys/.m2/repository/org/glassfish/jaxb/jaxb-runtime/2.3.2/istack-commons-runtime-3.0.8.jar,file:/C:/Users/orsys/.m2/repository/org/glassfish/jaxb/jaxb-runtime/2.3.2/stax-ex-1.8.1.jar,file:/C:/Users/orsys/.m2/repository/org/glassfish/jaxb/jaxb-runtime/2.3.2/FastInfoset-1.2.16.jar,file:/C:/Users/orsys/.m2/repository/org/glassfish/jaxb/jaxb-runtime/2.3.2/jakarta.activation-api-1.2.1.jar
2019-11-28 14:07:05,549 INFO org.springframework.boot.devtools.env.DevToolsPropertyDefaultsPostProcessor [restartedMain] Devtools property defaults active! Set 'spring.devtools.add-properties' to 'false' to disable
2019-11-28 14:07:05,552 INFO org.springframework.boot.devtools.env.DevToolsPropertyDefaultsPostProcessor [restartedMain] For additional web related logging consider setting the 'logging.level.web' property to 'DEBUG'
2019-11-28 14:07:06,422 INFO org.springframework.data.repository.config.RepositoryConfigurationDelegate [restartedMain] Bootstrapping Spring Data repositories in DEFAULT mode.
2019-11-28 14:07:06,454 INFO org.springframework.data.repository.config.RepositoryConfigurationDelegate [restartedMain] Finished Spring Data repository scanning in 19ms. Found 0 repository interfaces.
2019-11-28 14:07:06,892 INFO org.springframework.context.support.PostProcessorRegistrationDelegate$BeanPostProcessorChecker [restartedMain] Bean 'org.springframework.transaction.annotation.ProxyTransactionManagementConfiguration' of type [org.springframework.transaction.annotation.ProxyTransactionManagementConfiguration] is not eligible for getting processed by all BeanPostProcessors (for example: not eligible for auto-proxying)
2019-11-28 14:07:07,562 INFO org.springframework.boot.web.embedded.tomcat.TomcatWebServer [restartedMain] Tomcat initialized with port(s): 8085 (http)
2019-11-28 14:07:07,577 INFO org.apache.coyote.http11.Http11NioProtocol [restartedMain] Initializing ProtocolHandler ["http-nio-8085"]
2019-11-28 14:07:07,578 INFO org.apache.catalina.core.StandardService [restartedMain] Starting service [Tomcat]
2019-11-28 14:07:07,579 INFO org.apache.catalina.core.StandardEngine [restartedMain] Starting Servlet engine: [Apache Tomcat/9.0.27]
2019-11-28 14:07:07,704 INFO org.apache.catalina.core.ContainerBase.[Tomcat].[localhost].[/] [restartedMain] Initializing Spring embedded WebApplicationContext
2019-11-28 14:07:07,704 INFO org.springframework.web.context.ContextLoader [restartedMain] Root WebApplicationContext: initialization completed in 2152 ms
2019-11-28 14:07:07,762 INFO com.zaxxer.hikari.HikariDataSource [restartedMain] HikariPool-1 - Starting...
2019-11-28 14:07:07,915 INFO com.zaxxer.hikari.HikariDataSource [restartedMain] HikariPool-1 - Start completed.
2019-11-28 14:07:07,925 INFO org.springframework.boot.autoconfigure.h2.H2ConsoleAutoConfiguration [restartedMain] H2 console available at '/h2-console'. Database available at 'jdbc:h2:mem:contactmanager'
2019-11-28 14:07:08,094 INFO org.hibernate.jpa.internal.util.LogHelper [restartedMain] HHH000204: Processing PersistenceUnitInfo [name: default]
2019-11-28 14:07:08,189 INFO org.hibernate.Version [restartedMain] HHH000412: Hibernate Core {5.4.8.Final}
2019-11-28 14:07:08,439 INFO org.hibernate.annotations.common.Version [restartedMain] HCANN000001: Hibernate Commons Annotations {5.1.0.Final}
2019-11-28 14:07:08,587 INFO org.hibernate.dialect.Dialect [restartedMain] HHH000400: Using dialect: org.hibernate.dialect.H2Dialect
2019-11-28 14:07:08,897 INFO org.hibernate.engine.transaction.jta.platform.internal.JtaPlatformInitiator [restartedMain] HHH000490: Using JtaPlatform implementation: [org.hibernate.engine.transaction.jta.platform.internal.NoJtaPlatform]
2019-11-28 14:07:08,908 INFO org.springframework.orm.jpa.LocalContainerEntityManagerFactoryBean [restartedMain] Initialized JPA EntityManagerFactory for persistence unit 'default'
2019-11-28 14:07:08,931 INFO org.springframework.boot.devtools.autoconfigure.OptionalLiveReloadServer [restartedMain] LiveReload server is running on port 35729
2019-11-28 14:07:09,002 WARN org.springframework.boot.autoconfigure.orm.jpa.JpaBaseConfiguration$JpaWebConfiguration [restartedMain] spring.jpa.open-in-view is enabled by default. Therefore, database queries may be performed during view rendering. Explicitly configure spring.jpa.open-in-view to disable this warning
2019-11-28 14:07:09,191 INFO org.springframework.scheduling.concurrent.ThreadPoolTaskExecutor [restartedMain] Initializing ExecutorService 'applicationTaskExecutor'
2019-11-28 14:07:09,274 INFO org.springframework.boot.autoconfigure.web.servlet.WelcomePageHandlerMapping [restartedMain] Adding welcome page: class path resource [static/index.html]
2019-11-28 14:07:09,626 INFO org.springframework.security.web.DefaultSecurityFilterChain [restartedMain] Creating filter chain: any request, [org.springframework.security.web.context.request.async.WebAsyncManagerIntegrationFilter@1fe1f674, org.springframework.security.web.context.SecurityContextPersistenceFilter@725fad11, org.springframework.security.web.header.HeaderWriterFilter@5414c71, org.springframework.security.web.csrf.CsrfFilter@3251a7d4, org.springframework.security.web.authentication.logout.LogoutFilter@48349dc7, org.springframework.security.web.authentication.UsernamePasswordAuthenticationFilter@89c7931, org.springframework.security.web.authentication.ui.DefaultLoginPageGeneratingFilter@4d53bae7, org.springframework.security.web.authentication.ui.DefaultLogoutPageGeneratingFilter@61387ad1, org.springframework.security.web.authentication.www.BasicAuthenticationFilter@58a14035, org.springframework.security.web.savedrequest.RequestCacheAwareFilter@74f50c0f, org.springframework.security.web.servletapi.SecurityContextHolderAwareRequestFilter@7cf7a075, org.springframework.security.web.authentication.AnonymousAuthenticationFilter@5fce1d0d, org.springframework.security.web.session.SessionManagementFilter@1517fe7a, org.springframework.security.web.access.ExceptionTranslationFilter@103a124f, org.springframework.security.web.access.intercept.FilterSecurityInterceptor@1a3a316b]
2019-11-28 14:07:09,749 INFO org.apache.coyote.http11.Http11NioProtocol [restartedMain] Starting ProtocolHandler ["http-nio-8085"]
2019-11-28 14:07:09,782 INFO org.springframework.boot.web.embedded.tomcat.TomcatWebServer [restartedMain] Tomcat started on port(s): 8085 (http) with context path ''
2019-11-28 14:07:09,787 INFO com.formation.ebureau.EbureauApplication [restartedMain] Started EbureauApplication in 4.843 seconds (JVM running for 6.055)
2019-11-28 14:07:27,867 INFO org.apache.catalina.core.ContainerBase.[Tomcat].[localhost].[/] [http-nio-8085-exec-1] Initializing Spring DispatcherServlet 'dispatcherServlet'
2019-11-28 14:07:27,868 INFO org.springframework.web.servlet.DispatcherServlet [http-nio-8085-exec-1] Initializing Servlet 'dispatcherServlet'
2019-11-28 14:07:27,888 INFO org.springframework.web.servlet.DispatcherServlet [http-nio-8085-exec-1] Completed initialization in 18 ms
2019-11-28 14:12:59,559 INFO com.formation.ebureau.EbureauApplication [restartedMain] Starting EbureauApplication on MW16 with PID 9944 (C:\Users\orsys\Desktop\Calinou\Calinou\target\classes started by orsys in C:\Users\orsys\Desktop\Calinou\Calinou)
2019-11-28 14:12:59,564 INFO com.formation.ebureau.EbureauApplication [restartedMain] The following profiles are active: dev
2019-11-28 14:12:59,652 INFO org.springframework.boot.devtools.restart.ChangeableUrls [restartedMain] The Class-Path manifest attribute in C:\Users\orsys\.m2\repository\org\glassfish\jaxb\jaxb-runtime\2.3.2\jaxb-runtime-2.3.2.jar referenced one or more files that do not exist: file:/C:/Users/orsys/.m2/repository/org/glassfish/jaxb/jaxb-runtime/2.3.2/jakarta.xml.bind-api-2.3.2.jar,file:/C:/Users/orsys/.m2/repository/org/glassfish/jaxb/jaxb-runtime/2.3.2/txw2-2.3.2.jar,file:/C:/Users/orsys/.m2/repository/org/glassfish/jaxb/jaxb-runtime/2.3.2/istack-commons-runtime-3.0.8.jar,file:/C:/Users/orsys/.m2/repository/org/glassfish/jaxb/jaxb-runtime/2.3.2/stax-ex-1.8.1.jar,file:/C:/Users/orsys/.m2/repository/org/glassfish/jaxb/jaxb-runtime/2.3.2/FastInfoset-1.2.16.jar,file:/C:/Users/orsys/.m2/repository/org/glassfish/jaxb/jaxb-runtime/2.3.2/jakarta.activation-api-1.2.1.jar
2019-11-28 14:12:59,653 INFO org.springframework.boot.devtools.env.DevToolsPropertyDefaultsPostProcessor [restartedMain] Devtools property defaults active! Set 'spring.devtools.add-properties' to 'false' to disable
2019-11-28 14:12:59,657 INFO org.springframework.boot.devtools.env.DevToolsPropertyDefaultsPostProcessor [restartedMain] For additional web related logging consider setting the 'logging.level.web' property to 'DEBUG'
2019-11-28 14:13:00,625 INFO org.springframework.data.repository.config.RepositoryConfigurationDelegate [restartedMain] Bootstrapping Spring Data repositories in DEFAULT mode.
2019-11-28 14:13:00,661 INFO org.springframework.data.repository.config.RepositoryConfigurationDelegate [restartedMain] Finished Spring Data repository scanning in 22ms. Found 0 repository interfaces.
2019-11-28 14:13:01,093 INFO org.springframework.context.support.PostProcessorRegistrationDelegate$BeanPostProcessorChecker [restartedMain] Bean 'org.springframework.transaction.annotation.ProxyTransactionManagementConfiguration' of type [org.springframework.transaction.annotation.ProxyTransactionManagementConfiguration] is not eligible for getting processed by all BeanPostProcessors (for example: not eligible for auto-proxying)
2019-11-28 14:13:01,758 INFO org.springframework.boot.web.embedded.tomcat.TomcatWebServer [restartedMain] Tomcat initialized with port(s): 8085 (http)
2019-11-28 14:13:01,772 INFO org.apache.coyote.http11.Http11NioProtocol [restartedMain] Initializing ProtocolHandler ["http-nio-8085"]
2019-11-28 14:13:01,774 INFO org.apache.catalina.core.StandardService [restartedMain] Starting service [Tomcat]
2019-11-28 14:13:01,774 INFO org.apache.catalina.core.StandardEngine [restartedMain] Starting Servlet engine: [Apache Tomcat/9.0.27]
2019-11-28 14:13:01,901 INFO org.apache.catalina.core.ContainerBase.[Tomcat].[localhost].[/] [restartedMain] Initializing Spring embedded WebApplicationContext
2019-11-28 14:13:01,901 INFO org.springframework.web.context.ContextLoader [restartedMain] Root WebApplicationContext: initialization completed in 2243 ms
2019-11-28 14:13:01,960 INFO com.zaxxer.hikari.HikariDataSource [restartedMain] HikariPool-1 - Starting...
2019-11-28 14:13:02,131 INFO com.zaxxer.hikari.HikariDataSource [restartedMain] HikariPool-1 - Start completed.
2019-11-28 14:13:02,144 INFO org.springframework.boot.autoconfigure.h2.H2ConsoleAutoConfiguration [restartedMain] H2 console available at '/h2-console'. Database available at 'jdbc:h2:mem:contactmanager'
2019-11-28 14:13:02,364 INFO org.hibernate.jpa.internal.util.LogHelper [restartedMain] HHH000204: Processing PersistenceUnitInfo [name: default]
2019-11-28 14:13:02,506 INFO org.hibernate.Version [restartedMain] HHH000412: Hibernate Core {5.4.8.Final}
2019-11-28 14:13:02,874 INFO org.hibernate.annotations.common.Version [restartedMain] HCANN000001: Hibernate Commons Annotations {5.1.0.Final}
2019-11-28 14:13:03,065 INFO org.hibernate.dialect.Dialect [restartedMain] HHH000400: Using dialect: org.hibernate.dialect.H2Dialect
2019-11-28 14:13:03,511 INFO org.hibernate.engine.transaction.jta.platform.internal.JtaPlatformInitiator [restartedMain] HHH000490: Using JtaPlatform implementation: [org.hibernate.engine.transaction.jta.platform.internal.NoJtaPlatform]
2019-11-28 14:13:03,522 INFO org.springframework.orm.jpa.LocalContainerEntityManagerFactoryBean [restartedMain] Initialized JPA EntityManagerFactory for persistence unit 'default'
2019-11-28 14:13:03,547 INFO org.springframework.boot.devtools.autoconfigure.OptionalLiveReloadServer [restartedMain] LiveReload server is running on port 35729
2019-11-28 14:13:03,622 WARN org.springframework.boot.autoconfigure.orm.jpa.JpaBaseConfiguration$JpaWebConfiguration [restartedMain] spring.jpa.open-in-view is enabled by default. Therefore, database queries may be performed during view rendering. Explicitly configure spring.jpa.open-in-view to disable this warning
2019-11-28 14:13:03,875 INFO org.springframework.scheduling.concurrent.ThreadPoolTaskExecutor [restartedMain] Initializing ExecutorService 'applicationTaskExecutor'
2019-11-28 14:13:03,967 INFO org.springframework.boot.autoconfigure.web.servlet.WelcomePageHandlerMapping [restartedMain] Adding welcome page: class path resource [static/index.html]
2019-11-28 14:13:04,364 INFO org.springframework.security.web.DefaultSecurityFilterChain [restartedMain] Creating filter chain: any request, [org.springframework.security.web.context.request.async.WebAsyncManagerIntegrationFilter@5247de25, org.springframework.security.web.context.SecurityContextPersistenceFilter@35d9f19d, org.springframework.security.web.header.HeaderWriterFilter@2c2887fc, org.springframework.security.web.csrf.CsrfFilter@701fffc, org.springframework.security.web.authentication.logout.LogoutFilter@4590fd10, org.springframework.security.web.authentication.UsernamePasswordAuthenticationFilter@4c0da2f8, org.springframework.security.web.authentication.ui.DefaultLoginPageGeneratingFilter@2647cb9f, org.springframework.security.web.authentication.ui.DefaultLogoutPageGeneratingFilter@602cb03e, org.springframework.security.web.authentication.www.BasicAuthenticationFilter@22d0e09d, org.springframework.security.web.savedrequest.RequestCacheAwareFilter@2d587497, org.springframework.security.web.servletapi.SecurityContextHolderAwareRequestFilter@3b22c839, org.springframework.security.web.authentication.AnonymousAuthenticationFilter@795d39bb, org.springframework.security.web.session.SessionManagementFilter@51aa4f36, org.springframework.security.web.access.ExceptionTranslationFilter@1a62b9ff, org.springframework.security.web.access.intercept.FilterSecurityInterceptor@3b0ebb9b]
2019-11-28 14:13:04,503 INFO org.apache.coyote.http11.Http11NioProtocol [restartedMain] Starting ProtocolHandler ["http-nio-8085"]
2019-11-28 14:13:04,539 INFO org.springframework.boot.web.embedded.tomcat.TomcatWebServer [restartedMain] Tomcat started on port(s): 8085 (http) with context path ''
2019-11-28 14:13:04,544 INFO com.formation.ebureau.EbureauApplication [restartedMain] Started EbureauApplication in 5.472 seconds (JVM running for 6.464)
2019-11-28 14:24:38,001 INFO com.formation.ebureau.EbureauApplication [restartedMain] Starting EbureauApplication on MW16 with PID 6824 (C:\Users\orsys\Desktop\Calinou\Calinou\target\classes started by orsys in C:\Users\orsys\Desktop\Calinou\Calinou)
2019-11-28 14:24:38,007 INFO com.formation.ebureau.EbureauApplication [restartedMain] The following profiles are active: dev
2019-11-28 14:24:38,096 INFO org.springframework.boot.devtools.restart.ChangeableUrls [restartedMain] The Class-Path manifest attribute in C:\Users\orsys\.m2\repository\org\glassfish\jaxb\jaxb-runtime\2.3.2\jaxb-runtime-2.3.2.jar referenced one or more files that do not exist: file:/C:/Users/orsys/.m2/repository/org/glassfish/jaxb/jaxb-runtime/2.3.2/jakarta.xml.bind-api-2.3.2.jar,file:/C:/Users/orsys/.m2/repository/org/glassfish/jaxb/jaxb-runtime/2.3.2/txw2-2.3.2.jar,file:/C:/Users/orsys/.m2/repository/org/glassfish/jaxb/jaxb-runtime/2.3.2/istack-commons-runtime-3.0.8.jar,file:/C:/Users/orsys/.m2/repository/org/glassfish/jaxb/jaxb-runtime/2.3.2/stax-ex-1.8.1.jar,file:/C:/Users/orsys/.m2/repository/org/glassfish/jaxb/jaxb-runtime/2.3.2/FastInfoset-1.2.16.jar,file:/C:/Users/orsys/.m2/repository/org/glassfish/jaxb/jaxb-runtime/2.3.2/jakarta.activation-api-1.2.1.jar
2019-11-28 14:24:38,097 INFO org.springframework.boot.devtools.env.DevToolsPropertyDefaultsPostProcessor [restartedMain] Devtools property defaults active! Set 'spring.devtools.add-properties' to 'false' to disable
2019-11-28 14:24:38,097 INFO org.springframework.boot.devtools.env.DevToolsPropertyDefaultsPostProcessor [restartedMain] For additional web related logging consider setting the 'logging.level.web' property to 'DEBUG'
2019-11-28 14:24:38,971 INFO org.springframework.data.repository.config.RepositoryConfigurationDelegate [restartedMain] Bootstrapping Spring Data repositories in DEFAULT mode.
2019-11-28 14:24:39,007 INFO org.springframework.data.repository.config.RepositoryConfigurationDelegate [restartedMain] Finished Spring Data repository scanning in 23ms. Found 0 repository interfaces.
2019-11-28 14:24:39,445 INFO org.springframework.context.support.PostProcessorRegistrationDelegate$BeanPostProcessorChecker [restartedMain] Bean 'org.springframework.transaction.annotation.ProxyTransactionManagementConfiguration' of type [org.springframework.transaction.annotation.ProxyTransactionManagementConfiguration] is not eligible for getting processed by all BeanPostProcessors (for example: not eligible for auto-proxying)
2019-11-28 14:24:40,142 INFO org.springframework.boot.web.embedded.tomcat.TomcatWebServer [restartedMain] Tomcat initialized with port(s): 8085 (http)
2019-11-28 14:24:40,157 INFO org.apache.coyote.http11.Http11NioProtocol [restartedMain] Initializing ProtocolHandler ["http-nio-8085"]
2019-11-28 14:24:40,159 INFO org.apache.catalina.core.StandardService [restartedMain] Starting service [Tomcat]
2019-11-28 14:24:40,159 INFO org.apache.catalina.core.StandardEngine [restartedMain] Starting Servlet engine: [Apache Tomcat/9.0.27]
2019-11-28 14:24:40,284 INFO org.apache.catalina.core.ContainerBase.[Tomcat].[localhost].[/] [restartedMain] Initializing Spring embedded WebApplicationContext
2019-11-28 14:24:40,285 INFO org.springframework.web.context.ContextLoader [restartedMain] Root WebApplicationContext: initialization completed in 2187 ms
2019-11-28 14:24:40,343 INFO com.zaxxer.hikari.HikariDataSource [restartedMain] HikariPool-1 - Starting...
2019-11-28 14:24:40,495 INFO com.zaxxer.hikari.HikariDataSource [restartedMain] HikariPool-1 - Start completed.
2019-11-28 14:24:40,506 INFO org.springframework.boot.autoconfigure.h2.H2ConsoleAutoConfiguration [restartedMain] H2 console available at '/h2-console'. Database available at 'jdbc:h2:mem:contactmanager'
2019-11-28 14:24:40,680 INFO org.hibernate.jpa.internal.util.LogHelper [restartedMain] HHH000204: Processing PersistenceUnitInfo [name: default]
2019-11-28 14:24:40,775 INFO org.hibernate.Version [restartedMain] HHH000412: Hibernate Core {5.4.8.Final}
2019-11-28 14:24:41,023 INFO org.hibernate.annotations.common.Version [restartedMain] HCANN000001: Hibernate Commons Annotations {5.1.0.Final}
2019-11-28 14:24:41,167 INFO org.hibernate.dialect.Dialect [restartedMain] HHH000400: Using dialect: org.hibernate.dialect.H2Dialect
2019-11-28 14:24:41,492 INFO org.hibernate.engine.transaction.jta.platform.internal.JtaPlatformInitiator [restartedMain] HHH000490: Using JtaPlatform implementation: [org.hibernate.engine.transaction.jta.platform.internal.NoJtaPlatform]
2019-11-28 14:24:41,504 INFO org.springframework.orm.jpa.LocalContainerEntityManagerFactoryBean [restartedMain] Initialized JPA EntityManagerFactory for persistence unit 'default'
2019-11-28 14:24:41,528 INFO org.springframework.boot.devtools.autoconfigure.OptionalLiveReloadServer [restartedMain] LiveReload server is running on port 35729
2019-11-28 14:24:41,599 WARN org.springframework.boot.autoconfigure.orm.jpa.JpaBaseConfiguration$JpaWebConfiguration [restartedMain] spring.jpa.open-in-view is enabled by default. Therefore, database queries may be performed during view rendering. Explicitly configure spring.jpa.open-in-view to disable this warning
2019-11-28 14:24:41,790 INFO org.springframework.scheduling.concurrent.ThreadPoolTaskExecutor [restartedMain] Initializing ExecutorService 'applicationTaskExecutor'
2019-11-28 14:24:41,874 INFO org.springframework.boot.autoconfigure.web.servlet.WelcomePageHandlerMapping [restartedMain] Adding welcome page: class path resource [static/index.html]
2019-11-28 14:24:42,237 INFO org.springframework.security.web.DefaultSecurityFilterChain [restartedMain] Creating filter chain: any request, [org.springframework.security.web.context.request.async.WebAsyncManagerIntegrationFilter@12b4f82e, org.springframework.security.web.context.SecurityContextPersistenceFilter@f0bfcad, org.springframework.security.web.header.HeaderWriterFilter@4ffdc5a1, org.springframework.security.web.csrf.CsrfFilter@6da7e0b9, org.springframework.security.web.authentication.logout.LogoutFilter@171995b9, org.springframework.security.web.authentication.UsernamePasswordAuthenticationFilter@752394f8, org.springframework.security.web.authentication.ui.DefaultLoginPageGeneratingFilter@7138e90, org.springframework.security.web.authentication.ui.DefaultLogoutPageGeneratingFilter@58a14035, org.springframework.security.web.authentication.www.BasicAuthenticationFilter@3b0d0655, org.springframework.security.web.savedrequest.RequestCacheAwareFilter@7c629df7, org.springframework.security.web.servletapi.SecurityContextHolderAwareRequestFilter@48ee4e92, org.springframework.security.web.authentication.AnonymousAuthenticationFilter@25bfef5b, org.springframework.security.web.session.SessionManagementFilter@cfc1916, org.springframework.security.web.access.ExceptionTranslationFilter@6ddb8646, org.springframework.security.web.access.intercept.FilterSecurityInterceptor@47db85a7]
2019-11-28 14:24:42,365 INFO org.apache.coyote.http11.Http11NioProtocol [restartedMain] Starting ProtocolHandler ["http-nio-8085"]
2019-11-28 14:24:42,397 INFO org.springframework.boot.web.embedded.tomcat.TomcatWebServer [restartedMain] Tomcat started on port(s): 8085 (http) with context path ''
2019-11-28 14:24:42,402 INFO com.formation.ebureau.EbureauApplication [restartedMain] Started EbureauApplication in 4.897 seconds (JVM running for 6.077)
2019-11-28 14:24:49,895 INFO org.apache.catalina.core.ContainerBase.[Tomcat].[localhost].[/] [http-nio-8085-exec-1] Initializing Spring DispatcherServlet 'dispatcherServlet'
2019-11-28 14:24:49,896 INFO org.springframework.web.servlet.DispatcherServlet [http-nio-8085-exec-1] Initializing Servlet 'dispatcherServlet'
2019-11-28 14:24:49,913 INFO org.springframework.web.servlet.DispatcherServlet [http-nio-8085-exec-1] Completed initialization in 15 ms
2019-11-28 14:27:55,690 INFO com.formation.ebureau.EbureauApplication [restartedMain] Starting EbureauApplication on MW16 with PID 5420 (C:\Users\orsys\Desktop\Calinou\Calinou\target\classes started by orsys in C:\Users\orsys\Desktop\Calinou\Calinou)
2019-11-28 14:27:55,694 INFO com.formation.ebureau.EbureauApplication [restartedMain] The following profiles are active: dev
2019-11-28 14:27:55,775 INFO org.springframework.boot.devtools.restart.ChangeableUrls [restartedMain] The Class-Path manifest attribute in C:\Users\orsys\.m2\repository\org\glassfish\jaxb\jaxb-runtime\2.3.2\jaxb-runtime-2.3.2.jar referenced one or more files that do not exist: file:/C:/Users/orsys/.m2/repository/org/glassfish/jaxb/jaxb-runtime/2.3.2/jakarta.xml.bind-api-2.3.2.jar,file:/C:/Users/orsys/.m2/repository/org/glassfish/jaxb/jaxb-runtime/2.3.2/txw2-2.3.2.jar,file:/C:/Users/orsys/.m2/repository/org/glassfish/jaxb/jaxb-runtime/2.3.2/istack-commons-runtime-3.0.8.jar,file:/C:/Users/orsys/.m2/repository/org/glassfish/jaxb/jaxb-runtime/2.3.2/stax-ex-1.8.1.jar,file:/C:/Users/orsys/.m2/repository/org/glassfish/jaxb/jaxb-runtime/2.3.2/FastInfoset-1.2.16.jar,file:/C:/Users/orsys/.m2/repository/org/glassfish/jaxb/jaxb-runtime/2.3.2/jakarta.activation-api-1.2.1.jar
2019-11-28 14:27:55,776 INFO org.springframework.boot.devtools.env.DevToolsPropertyDefaultsPostProcessor [restartedMain] Devtools property defaults active! Set 'spring.devtools.add-properties' to 'false' to disable
2019-11-28 14:27:55,778 INFO org.springframework.boot.devtools.env.DevToolsPropertyDefaultsPostProcessor [restartedMain] For additional web related logging consider setting the 'logging.level.web' property to 'DEBUG'
2019-11-28 14:27:56,649 INFO org.springframework.data.repository.config.RepositoryConfigurationDelegate [restartedMain] Bootstrapping Spring Data repositories in DEFAULT mode.
2019-11-28 14:27:56,683 INFO org.springframework.data.repository.config.RepositoryConfigurationDelegate [restartedMain] Finished Spring Data repository scanning in 21ms. Found 0 repository interfaces.
2019-11-28 14:27:57,118 INFO org.springframework.context.support.PostProcessorRegistrationDelegate$BeanPostProcessorChecker [restartedMain] Bean 'org.springframework.transaction.annotation.ProxyTransactionManagementConfiguration' of type [org.springframework.transaction.annotation.ProxyTransactionManagementConfiguration] is not eligible for getting processed by all BeanPostProcessors (for example: not eligible for auto-proxying)
2019-11-28 14:27:57,776 INFO org.springframework.boot.web.embedded.tomcat.TomcatWebServer [restartedMain] Tomcat initialized with port(s): 8085 (http)
2019-11-28 14:27:57,791 INFO org.apache.coyote.http11.Http11NioProtocol [restartedMain] Initializing ProtocolHandler ["http-nio-8085"]
2019-11-28 14:27:57,792 INFO org.apache.catalina.core.StandardService [restartedMain] Starting service [Tomcat]
2019-11-28 14:27:57,792 INFO org.apache.catalina.core.StandardEngine [restartedMain] Starting Servlet engine: [Apache Tomcat/9.0.27]
2019-11-28 14:27:57,920 INFO org.apache.catalina.core.ContainerBase.[Tomcat].[localhost].[/] [restartedMain] Initializing Spring embedded WebApplicationContext
2019-11-28 14:27:57,921 INFO org.springframework.web.context.ContextLoader [restartedMain] Root WebApplicationContext: initialization completed in 2142 ms
2019-11-28 14:27:57,979 INFO com.zaxxer.hikari.HikariDataSource [restartedMain] HikariPool-1 - Starting...
2019-11-28 14:27:58,129 INFO com.zaxxer.hikari.HikariDataSource [restartedMain] HikariPool-1 - Start completed.
2019-11-28 14:27:58,138 INFO org.springframework.boot.autoconfigure.h2.H2ConsoleAutoConfiguration [restartedMain] H2 console available at '/h2-console'. Database available at 'jdbc:h2:mem:contactmanager'
2019-11-28 14:27:58,309 INFO org.hibernate.jpa.internal.util.LogHelper [restartedMain] HHH000204: Processing PersistenceUnitInfo [name: default]
2019-11-28 14:27:58,406 INFO org.hibernate.Version [restartedMain] HHH000412: Hibernate Core {5.4.8.Final}
2019-11-28 14:27:58,648 INFO org.hibernate.annotations.common.Version [restartedMain] HCANN000001: Hibernate Commons Annotations {5.1.0.Final}
2019-11-28 14:27:58,792 INFO org.hibernate.dialect.Dialect [restartedMain] HHH000400: Using dialect: org.hibernate.dialect.H2Dialect
2019-11-28 14:27:59,109 INFO org.hibernate.engine.transaction.jta.platform.internal.JtaPlatformInitiator [restartedMain] HHH000490: Using JtaPlatform implementation: [org.hibernate.engine.transaction.jta.platform.internal.NoJtaPlatform]
2019-11-28 14:27:59,120 INFO org.springframework.orm.jpa.LocalContainerEntityManagerFactoryBean [restartedMain] Initialized JPA EntityManagerFactory for persistence unit 'default'
2019-11-28 14:27:59,144 INFO org.springframework.boot.devtools.autoconfigure.OptionalLiveReloadServer [restartedMain] LiveReload server is running on port 35729
2019-11-28 14:27:59,216 WARN org.springframework.boot.autoconfigure.orm.jpa.JpaBaseConfiguration$JpaWebConfiguration [restartedMain] spring.jpa.open-in-view is enabled by default. Therefore, database queries may be performed during view rendering. Explicitly configure spring.jpa.open-in-view to disable this warning
2019-11-28 14:27:59,415 INFO org.springframework.scheduling.concurrent.ThreadPoolTaskExecutor [restartedMain] Initializing ExecutorService 'applicationTaskExecutor'
2019-11-28 14:27:59,500 INFO org.springframework.boot.autoconfigure.web.servlet.WelcomePageHandlerMapping [restartedMain] Adding welcome page: class path resource [static/index.html]
2019-11-28 14:27:59,852 INFO org.springframework.security.web.DefaultSecurityFilterChain [restartedMain] Creating filter chain: any request, [org.springframework.security.web.context.request.async.WebAsyncManagerIntegrationFilter@446171a9, org.springframework.security.web.context.SecurityContextPersistenceFilter@5fab777d, org.springframework.security.web.header.HeaderWriterFilter@794ab835, org.springframework.security.web.csrf.CsrfFilter@68c3b62, org.springframework.security.web.authentication.logout.LogoutFilter@4024c3b7, org.springframework.security.web.authentication.UsernamePasswordAuthenticationFilter@2cb85304, org.springframework.security.web.authentication.ui.DefaultLoginPageGeneratingFilter@1dc58c55, org.springframework.security.web.authentication.ui.DefaultLogoutPageGeneratingFilter@70cff42b, org.springframework.security.web.authentication.www.BasicAuthenticationFilter@3f4fa913, org.springframework.security.web.savedrequest.RequestCacheAwareFilter@4324bc69, org.springframework.security.web.servletapi.SecurityContextHolderAwareRequestFilter@278bf9c3, org.springframework.security.web.authentication.AnonymousAuthenticationFilter@2fdc6310, org.springframework.security.web.session.SessionManagementFilter@1ccbda07, org.springframework.security.web.access.ExceptionTranslationFilter@111a0217, org.springframework.security.web.access.intercept.FilterSecurityInterceptor@2b8e10b4]
2019-11-28 14:27:59,973 INFO org.apache.coyote.http11.Http11NioProtocol [restartedMain] Starting ProtocolHandler ["http-nio-8085"]
2019-11-28 14:28:00,011 INFO org.springframework.boot.web.embedded.tomcat.TomcatWebServer [restartedMain] Tomcat started on port(s): 8085 (http) with context path ''
2019-11-28 14:28:00,017 INFO com.formation.ebureau.EbureauApplication [restartedMain] Started EbureauApplication in 4.806 seconds (JVM running for 5.792)
2019-11-28 14:28:14,885 INFO org.apache.catalina.core.ContainerBase.[Tomcat].[localhost].[/] [http-nio-8085-exec-2] Initializing Spring DispatcherServlet 'dispatcherServlet'
2019-11-28 14:28:14,886 INFO org.springframework.web.servlet.DispatcherServlet [http-nio-8085-exec-2] Initializing Servlet 'dispatcherServlet'
2019-11-28 14:28:14,901 INFO org.springframework.web.servlet.DispatcherServlet [http-nio-8085-exec-2] Completed initialization in 13 ms
