2019-11-26 23:55:15,963 INFO com.formation.ebureau.EbureauApplication [restartedMain] Starting EbureauApplication on DESKTOP-OR1MPIC with PID 10232 (C:\MACROSOFT\githubsanogotech\ebureau\target\classes started by User in C:\MACROSOFT\githubsanogotech\ebureau)
2019-11-26 23:55:15,968 INFO com.formation.ebureau.EbureauApplication [restartedMain] The following profiles are active: dev
2019-11-26 23:55:16,091 INFO org.springframework.boot.devtools.restart.ChangeableUrls [restartedMain] The Class-Path manifest attribute in C:\Users\User\.m2\repository\org\glassfish\jaxb\jaxb-runtime\2.3.2\jaxb-runtime-2.3.2.jar referenced one or more files that do not exist: file:/C:/Users/User/.m2/repository/org/glassfish/jaxb/jaxb-runtime/2.3.2/jakarta.xml.bind-api-2.3.2.jar,file:/C:/Users/User/.m2/repository/org/glassfish/jaxb/jaxb-runtime/2.3.2/txw2-2.3.2.jar,file:/C:/Users/User/.m2/repository/org/glassfish/jaxb/jaxb-runtime/2.3.2/istack-commons-runtime-3.0.8.jar,file:/C:/Users/User/.m2/repository/org/glassfish/jaxb/jaxb-runtime/2.3.2/stax-ex-1.8.1.jar,file:/C:/Users/User/.m2/repository/org/glassfish/jaxb/jaxb-runtime/2.3.2/FastInfoset-1.2.16.jar,file:/C:/Users/User/.m2/repository/org/glassfish/jaxb/jaxb-runtime/2.3.2/jakarta.activation-api-1.2.1.jar
2019-11-26 23:55:16,093 INFO org.springframework.boot.devtools.env.DevToolsPropertyDefaultsPostProcessor [restartedMain] Devtools property defaults active! Set 'spring.devtools.add-properties' to 'false' to disable
2019-11-26 23:55:16,096 INFO org.springframework.boot.devtools.env.DevToolsPropertyDefaultsPostProcessor [restartedMain] For additional web related logging consider setting the 'logging.level.web' property to 'DEBUG'
2019-11-26 23:55:17,269 INFO org.springframework.data.repository.config.RepositoryConfigurationDelegate [restartedMain] Bootstrapping Spring Data repositories in DEFAULT mode.
2019-11-26 23:55:17,305 INFO org.springframework.data.repository.config.RepositoryConfigurationDelegate [restartedMain] Finished Spring Data repository scanning in 19ms. Found 0 repository interfaces.
2019-11-26 23:55:17,898 INFO org.springframework.context.support.PostProcessorRegistrationDelegate$BeanPostProcessorChecker [restartedMain] Bean 'org.springframework.transaction.annotation.ProxyTransactionManagementConfiguration' of type [org.springframework.transaction.annotation.ProxyTransactionManagementConfiguration] is not eligible for getting processed by all BeanPostProcessors (for example: not eligible for auto-proxying)
2019-11-26 23:55:19,037 INFO org.springframework.boot.web.embedded.tomcat.TomcatWebServer [restartedMain] Tomcat initialized with port(s): 8080 (http)
2019-11-26 23:55:19,057 INFO org.apache.coyote.http11.Http11NioProtocol [restartedMain] Initializing ProtocolHandler ["http-nio-8080"]
2019-11-26 23:55:19,059 INFO org.apache.catalina.core.StandardService [restartedMain] Starting service [Tomcat]
2019-11-26 23:55:19,063 INFO org.apache.catalina.core.StandardEngine [restartedMain] Starting Servlet engine: [Apache Tomcat/9.0.27]
2019-11-26 23:55:19,236 INFO org.apache.catalina.core.ContainerBase.[Tomcat].[localhost].[/] [restartedMain] Initializing Spring embedded WebApplicationContext
2019-11-26 23:55:19,238 INFO org.springframework.web.context.ContextLoader [restartedMain] Root WebApplicationContext: initialization completed in 3139 ms
2019-11-26 23:55:19,314 INFO com.zaxxer.hikari.HikariDataSource [restartedMain] HikariPool-1 - Starting...
2019-11-26 23:55:19,509 INFO com.zaxxer.hikari.HikariDataSource [restartedMain] HikariPool-1 - Start completed.
2019-11-26 23:55:19,521 INFO org.springframework.boot.autoconfigure.h2.H2ConsoleAutoConfiguration [restartedMain] H2 console available at '/h2-console'. Database available at 'jdbc:h2:mem:contactmanager'
2019-11-26 23:55:19,717 INFO org.hibernate.jpa.internal.util.LogHelper [restartedMain] HHH000204: Processing PersistenceUnitInfo [name: default]
2019-11-26 23:55:19,808 INFO org.hibernate.Version [restartedMain] HHH000412: Hibernate Core {5.4.8.Final}
2019-11-26 23:55:19,969 INFO org.hibernate.annotations.common.Version [restartedMain] HCANN000001: Hibernate Commons Annotations {5.1.0.Final}
2019-11-26 23:55:20,118 INFO org.hibernate.dialect.Dialect [restartedMain] HHH000400: Using dialect: org.hibernate.dialect.H2Dialect
2019-11-26 23:55:20,489 INFO org.hibernate.engine.transaction.jta.platform.internal.JtaPlatformInitiator [restartedMain] HHH000490: Using JtaPlatform implementation: [org.hibernate.engine.transaction.jta.platform.internal.NoJtaPlatform]
2019-11-26 23:55:20,503 INFO org.springframework.orm.jpa.LocalContainerEntityManagerFactoryBean [restartedMain] Initialized JPA EntityManagerFactory for persistence unit 'default'
2019-11-26 23:55:20,533 INFO org.springframework.boot.devtools.autoconfigure.OptionalLiveReloadServer [restartedMain] LiveReload server is running on port 35729
2019-11-26 23:55:20,626 WARN org.springframework.boot.autoconfigure.orm.jpa.JpaBaseConfiguration$JpaWebConfiguration [restartedMain] spring.jpa.open-in-view is enabled by default. Therefore, database queries may be performed during view rendering. Explicitly configure spring.jpa.open-in-view to disable this warning
2019-11-26 23:55:20,852 INFO org.springframework.scheduling.concurrent.ThreadPoolTaskExecutor [restartedMain] Initializing ExecutorService 'applicationTaskExecutor'
2019-11-26 23:55:20,952 INFO org.springframework.boot.autoconfigure.web.servlet.WelcomePageHandlerMapping [restartedMain] Adding welcome page: class path resource [static/index.html]
2019-11-26 23:55:21,421 INFO org.springframework.security.web.DefaultSecurityFilterChain [restartedMain] Creating filter chain: any request, [org.springframework.security.web.context.request.async.WebAsyncManagerIntegrationFilter@2e4ef0a2, org.springframework.security.web.context.SecurityContextPersistenceFilter@5cda96e8, org.springframework.security.web.header.HeaderWriterFilter@11e18a80, org.springframework.security.web.csrf.CsrfFilter@5e36d876, org.springframework.security.web.authentication.logout.LogoutFilter@19d41ed9, org.springframework.security.web.authentication.UsernamePasswordAuthenticationFilter@41e7c698, org.springframework.security.web.authentication.ui.DefaultLoginPageGeneratingFilter@3f857695, org.springframework.security.web.authentication.ui.DefaultLogoutPageGeneratingFilter@2f64f716, org.springframework.security.web.authentication.www.BasicAuthenticationFilter@19ff3b86, org.springframework.security.web.savedrequest.RequestCacheAwareFilter@45d7276c, org.springframework.security.web.servletapi.SecurityContextHolderAwareRequestFilter@25391915, org.springframework.security.web.authentication.AnonymousAuthenticationFilter@764f3b9a, org.springframework.security.web.session.SessionManagementFilter@66e5e05e, org.springframework.security.web.access.ExceptionTranslationFilter@6042638d, org.springframework.security.web.access.intercept.FilterSecurityInterceptor@7bab818e]
2019-11-26 23:55:21,568 INFO org.apache.coyote.http11.Http11NioProtocol [restartedMain] Starting ProtocolHandler ["http-nio-8080"]
2019-11-26 23:55:21,612 INFO org.springframework.boot.web.embedded.tomcat.TomcatWebServer [restartedMain] Tomcat started on port(s): 8080 (http) with context path ''
2019-11-26 23:55:21,624 INFO com.formation.ebureau.EbureauApplication [restartedMain] Started EbureauApplication in 6.308 seconds (JVM running for 7.556)
2019-11-26 23:55:30,857 INFO org.apache.catalina.core.ContainerBase.[Tomcat].[localhost].[/] [http-nio-8080-exec-1] Initializing Spring DispatcherServlet 'dispatcherServlet'
2019-11-26 23:55:30,860 INFO org.springframework.web.servlet.DispatcherServlet [http-nio-8080-exec-1] Initializing Servlet 'dispatcherServlet'
2019-11-26 23:55:30,883 INFO org.springframework.web.servlet.DispatcherServlet [http-nio-8080-exec-1] Completed initialization in 21 ms
2019-11-26 23:55:31,596 WARN org.apache.catalina.util.SessionIdGeneratorBase [http-nio-8080-exec-1] Creation of SecureRandom instance for session ID generation using [SHA1PRNG] took [633] milliseconds.
